Using pre-set license
Built from '2020.3/staging' branch; Version is '2020.3.3f1 (76626098c1c4) revision 7758432'; Using compiler version '192528614'; Build Type 'Release'
OS: 'Windows 10 Pro; OS build 19041.928; Version 2004; 64bit' Language: 'en' Physical Memory: 8151 MB
BatchMode: 1, IsHumanControllingUs: 0, StartBugReporterOnCrash: 0, Is64bit: 1, IsPro: 0

 COMMAND LINE ARGUMENTS:
C:\Program Files\Unity\Hub\Editor\2020.3.3f1\Editor\Unity.exe
-adb2
-batchMode
-noUpm
-name
AssetImportWorker0
-projectPath
C:/Users/Diego/Desktop/UnityProyects/JuegoEn10Minutos
-logFile
Logs/AssetImportWorker0.log
-srvPort
58102
Successfully changed project path to: C:/Users/Diego/Desktop/UnityProyects/JuegoEn10Minutos
C:/Users/Diego/Desktop/UnityProyects/JuegoEn10Minutos
Using Asset Import Pipeline V2.
Refreshing native plugins compatible for Editor in 166.62 ms, found 1 plugins.
Preloading 0 native plugins for Editor in 0.00 ms.
Initialize engine version: 2020.3.3f1 (76626098c1c4)
[Subsystems] Discovering subsystems at path C:/Program Files/Unity/Hub/Editor/2020.3.3f1/Editor/Data/Resources/UnitySubsystems
[Subsystems] Discovering subsystems at path C:/Users/Diego/Desktop/UnityProyects/JuegoEn10Minutos/Assets
GfxDevice: creating device client; threaded=0
Direct3D:
    Version:  Direct3D 11.0 [level 11.1]
    Renderer: NVIDIA GeForce GTX 1060 6GB (ID=0x1c03)
    Vendor:   
    VRAM:     6052 MB
    Driver:   27.21.14.5671
Initialize mono
Mono path[0] = 'C:/Program Files/Unity/Hub/Editor/2020.3.3f1/Editor/Data/Managed'
Mono path[1] = 'C:/Program Files/Unity/Hub/Editor/2020.3.3f1/Editor/Data/MonoBleedingEdge/lib/mono/unityjit'
Mono config path = 'C:/Program Files/Unity/Hub/Editor/2020.3.3f1/Editor/Data/MonoBleedingEdge/etc'
Using monoOptions --debugger-agent=transport=dt_socket,embedding=1,server=y,suspend=n,address=127.0.0.1:56728
Begin MonoManager ReloadAssembly
Registering precompiled unity dll's ...
Register platform support module: C:/Program Files/Unity/Hub/Editor/2020.3.3f1/Editor/Data/PlaybackEngines/WindowsStandaloneSupport/UnityEditor.WindowsStandalone.Extensions.dll
Registered in 0.002624 seconds.
Native extension for WindowsStandalone target not found
Refreshing native plugins compatible for Editor in 149.53 ms, found 1 plugins.
Preloading 0 native plugins for Editor in 0.00 ms.
Invoked RoslynAnalysisRunner static constructor.
RoslynAnalysisRunner will not be running.
RoslynAnalysisRunner has terminated.
Mono: successfully reloaded assembly
- Completed reload, in  5.264 seconds
Platform modules already initialized, skipping
Registering precompiled user dll's ...
Registered in 0.000801 seconds.
Begin MonoManager ReloadAssembly
Native extension for WindowsStandalone target not found
Refreshing native plugins compatible for Editor in 172.75 ms, found 1 plugins.
Preloading 0 native plugins for Editor in 0.00 ms.
Invoked RoslynAnalysisRunner static constructor.
RoslynAnalysisRunner will not be running.
RoslynAnalysisRunner has terminated.
Mono: successfully reloaded assembly
- Completed reload, in  4.480 seconds
Platform modules already initialized, skipping
========================================================================
Worker process is ready to serve import requests
Launched and connected shader compiler UnityShaderCompiler.exe after 0.25 seconds
Refreshing native plugins compatible for Editor in 5.50 ms, found 1 plugins.
Preloading 0 native plugins for Editor in 0.00 ms.
Unloading 1810 Unused Serialized files (Serialized files now loaded: 0)
System memory in use before: 85.1 MB.
System memory in use after: 85.1 MB.

Unloading 24 unused Assets to reduce memory usage. Loaded Objects now: 2254.
Total: 9.354900 ms (FindLiveObjects: 2.922100 ms CreateObjectMapping: 3.120000 ms MarkObjects: 3.191300 ms  DeleteObjects: 0.118600 ms)

========================================================================
Received Import Request.
  path: Assets/Scenes
  artifactKey: Guid(1feec95cea677654aa5d2cce96d4e431) Importer(815301076,1909f56bfc062723c751e8b465ee728b)
Start importing Assets/Scenes using Guid(1feec95cea677654aa5d2cce96d4e431) Importer(815301076,1909f56bfc062723c751e8b465ee728b)  -> (artifact id: 'f99e89394e88f1f4bcb4f81600afbcb4') in 0.013115 seconds
  Import took 0.032305 seconds .

========================================================================
Received Import Request.
  Time since last request: 0.000182 seconds.
  path: Assets/Scenes/1x1.unity
  artifactKey: Guid(2f3bada54475f674fa617ee15ecfcc66) Importer(815301076,1909f56bfc062723c751e8b465ee728b)
Start importing Assets/Scenes/1x1.unity using Guid(2f3bada54475f674fa617ee15ecfcc66) Importer(815301076,1909f56bfc062723c751e8b465ee728b)  -> (artifact id: '1fa916fce6e56fe8a224c33e59167edc') in 0.036826 seconds
  Import took 0.045186 seconds .

========================================================================
Received Import Request.
  Time since last request: 55.916406 seconds.
  path: Assets/Scenes/SampleScene.unity
  artifactKey: Guid(2cda990e2423bbf4892e6590ba056729) Importer(815301076,1909f56bfc062723c751e8b465ee728b)
Start importing Assets/Scenes/SampleScene.unity using Guid(2cda990e2423bbf4892e6590ba056729) Importer(815301076,1909f56bfc062723c751e8b465ee728b)  -> (artifact id: 'bf870ea8042ba1ac30dcbb212a80e326') in 0.023362 seconds
  Import took 0.036043 seconds .

AssetImportWorkerClient::OnTransportError - code=2 error=End of file
